#
# There is insufficient memory for the Java Runtime Environment to continue.
# Native memory allocation (mmap) failed to map 266338304 bytes. Error detail: G1 virtual space
# Possible reasons:
#   The system is out of physical RAM or swap space
#   This process is running with CompressedOops enabled, and the Java Heap may be blocking the growth of the native heap
# Possible solutions:
#   Reduce memory load on the system
#   Increase physical memory or swap space
#   Check if swap backing store is full
#   Decrease Java heap size (-Xmx/-Xms)
#   Decrease number of Java threads
#   Decrease Java thread stack sizes (-Xss)
#   Set larger code cache with -XX:ReservedCodeCacheSize=
#   JVM is running with Zero Based Compressed Oops mode in which the Java heap is
#     placed in the first 32GB address space. The Java Heap base address is the
#     maximum limit for the native heap growth. Please use -XX:HeapBaseMinAddress
#     to set the Java Heap base and to place the Java Heap above 32GB virtual address.
# This output file may be truncated or incomplete.
#
#  Out of Memory Error (os_windows.cpp:3613), pid=1500, tid=1916
#
# JRE version:  (17.0.12+7) (build )
# Java VM: OpenJDK 64-Bit Server VM (17.0.12+7-LTS, mixed mode, sharing, tiered, compressed oops, compressed class ptrs, g1 gc, windows-amd64)
# No core dump will be written. Minidumps are not enabled by default on client versions of Windows
#

---------------  S U M M A R Y ------------

Command Line: -javaagent:C:\Program Files\JetBrains\IntelliJ IDEA Community Edition 2024.1\lib\idea_rt.jar=3497:C:\Program Files\JetBrains\IntelliJ IDEA Community Edition 2024.1\bin -Dfile.encoding=UTF-8 me.dev.ShopApplication

Host: Intel(R) Core(TM) i7-8565U CPU @ 1.80GHz, 8 cores, 15G,  Windows 11 , 64 bit Build 26100 (10.0.26100.4484)
Time: Sat Aug  9 19:07:27 2025  Windows 11 , 64 bit Build 26100 (10.0.26100.4484) elapsed time: 2.075005 seconds (0d 0h 0m 2s)

---------------  T H R E A D  ---------------

Current thread (0x000001ce3d485560):  JavaThread "Unknown thread" [_thread_in_vm, id=1916, stack(0x0000003d05900000,0x0000003d05a00000)]

Stack: [0x0000003d05900000,0x0000003d05a00000]
Native frames: (J=compiled Java code, j=interpreted, Vv=VM code, C=native code)
V  [jvm.dll+0x67f4f9]
V  [jvm.dll+0x836eaa]
V  [jvm.dll+0x83896e]
V  [jvm.dll+0x838fd3]
V  [jvm.dll+0x247f6f]
V  [jvm.dll+0x67c2b9]
V  [jvm.dll+0x670d7a]
V  [jvm.dll+0x307b5b]
V  [jvm.dll+0x30f046]
V  [jvm.dll+0x35f22e]
V  [jvm.dll+0x35f46f]
V  [jvm.dll+0x2deb7c]
V  [jvm.dll+0x2dfad4]
V  [jvm.dll+0x80870b]
V  [jvm.dll+0x36cfa1]
V  [jvm.dll+0x7e70f5]
V  [jvm.dll+0x3f0adf]
V  [jvm.dll+0x3f2631]
C  [jli.dll+0x528f]
C  [ucrtbase.dll+0x37b0]
C  [KERNEL32.DLL+0x2e8d7]
C  [ntdll.dll+0x3c34c]


---------------  P R O C E S S  ---------------

Threads class SMR info:
_java_thread_list=0x00007ffbbe6a6f18, length=0, elements={
}

Java Threads: ( => current thread )

Other Threads:
  0x000001ce3d4f1f10 GCTaskThread "GC Thread#0" [stack: 0x0000003d05a00000,0x0000003d05b00000] [id=16208]
  0x000001ce3d5038d0 ConcurrentGCThread "G1 Main Marker" [stack: 0x0000003d05b00000,0x0000003d05c00000] [id=25576]
  0x000001ce3d504fd0 ConcurrentGCThread "G1 Conc#0" [stack: 0x0000003d05c00000,0x0000003d05d00000] [id=18800]

[error occurred during error reporting (printing all threads), id 0xc0000005, EXCEPTION_ACCESS_VIOLATION (0xc0000005) at pc=0x00007ffbbde5f277]

VM state: not at safepoint (not fully initialized)

VM Mutex/Monitor currently owned by a thread:  ([mutex/lock_event])
[0x000001ce3d480c10] Heap_lock - owner thread: 0x000001ce3d485560

Heap address: 0x0000000703200000, size: 4046 MB, Compressed Oops mode: Zero based, Oop shift amount: 3

CDS archive(s) mapped at: [0x0000000000000000-0x0000000000000000-0x0000000000000000), size 0, SharedBaseAddress: 0x0000000800000000, ArchiveRelocationMode: 1.
Narrow klass base: 0x0000000000000000, Narrow klass shift: 0, Narrow klass range: 0x0

GC Precious Log:
<Empty>

Heap:
 garbage-first heap   total 0K, used 0K [0x0000000703200000, 0x0000000800000000)
  region size 2048K, 0 young (0K), 0 survivors (0K)

[error occurred during error reporting (printing heap information), id 0xc0000005, EXCEPTION_ACCESS_VIOLATION (0xc0000005) at pc=0x00007ffbbe248829]

GC Heap History (0 events):
No events

Dll operation events (1 events):
Event: 0.047 Loaded shared library C:\Users\82104\.jdks\corretto-17.0.12\bin\java.dll

Deoptimization events (0 events):
No events

Classes loaded (0 events):
No events

Classes unloaded (0 events):
No events

Classes redefined (0 events):
No events

Internal exceptions (0 events):
No events

VM Operations (0 events):
No events

Events (0 events):
No events


Dynamic libraries:
0x00007ff7992d0000 - 0x00007ff7992de000 	C:\Users\82104\.jdks\corretto-17.0.12\bin\java.exe
0x00007ffc5f740000 - 0x00007ffc5f9a8000 	C:\WINDOWS\SYSTEM32\ntdll.dll
0x00007ffc48d60000 - 0x00007ffc48d80000 	C:\Program Files\Avast Software\Avast\aswhook.dll
0x00007ffc5e970000 - 0x00007ffc5ea39000 	C:\WINDOWS\System32\KERNEL32.DLL
0x00007ffc5c890000 - 0x00007ffc5cc7d000 	C:\WINDOWS\System32\KERNELBASE.dll
0x00007ffc5ce70000 - 0x00007ffc5cfbb000 	C:\WINDOWS\System32\ucrtbase.dll
0x00007ffc55780000 - 0x00007ffc55797000 	C:\Users\82104\.jdks\corretto-17.0.12\bin\jli.dll
0x00007ffc5f3f0000 - 0x00007ffc5f5bc000 	C:\WINDOWS\System32\USER32.dll
0x00007ffc5d420000 - 0x00007ffc5d447000 	C:\WINDOWS\System32\win32u.dll
0x00007ffc5dde0000 - 0x00007ffc5de0b000 	C:\WINDOWS\System32\GDI32.dll
0x00007ffc55ba0000 - 0x00007ffc55bbb000 	C:\Users\82104\.jdks\corretto-17.0.12\bin\VCRUNTIME140.dll
0x00007ffc5cc80000 - 0x00007ffc5cdb7000 	C:\WINDOWS\System32\gdi32full.dll
0x00007ffc5cdc0000 - 0x00007ffc5ce63000 	C:\WINDOWS\System32\msvcp_win.dll
0x00007ffc30010000 - 0x00007ffc302aa000 	C:\WINDOWS\WinSxS\amd64_microsoft.windows.common-controls_6595b64144ccf1df_6.0.26100.4484_none_3e0e6d4ce32ef3b3\COMCTL32.dll
0x00007ffc5f5c0000 - 0x00007ffc5f669000 	C:\WINDOWS\System32\msvcrt.dll
0x00007ffc5e8d0000 - 0x00007ffc5e8ff000 	C:\WINDOWS\System32\IMM32.DLL
0x00007ffc55440000 - 0x00007ffc5544c000 	C:\Users\82104\.jdks\corretto-17.0.12\bin\vcruntime140_1.dll
0x00007ffc41110000 - 0x00007ffc4119d000 	C:\Users\82104\.jdks\corretto-17.0.12\bin\msvcp140.dll
0x00007ffbbdb70000 - 0x00007ffbbe7da000 	C:\Users\82104\.jdks\corretto-17.0.12\bin\server\jvm.dll
0x00007ffc5e2e0000 - 0x00007ffc5e394000 	C:\WINDOWS\System32\ADVAPI32.dll
0x00007ffc5e470000 - 0x00007ffc5e516000 	C:\WINDOWS\System32\sechost.dll
0x00007ffc5ecc0000 - 0x00007ffc5edd8000 	C:\WINDOWS\System32\RPCRT4.dll
0x00007ffc5e3f0000 - 0x00007ffc5e464000 	C:\WINDOWS\System32\WS2_32.dll
0x00007ffc5c6e0000 - 0x00007ffc5c73e000 	C:\WINDOWS\SYSTEM32\POWRPROF.dll
0x00007ffc499a0000 - 0x00007ffc499d5000 	C:\WINDOWS\SYSTEM32\WINMM.dll
0x00007ffc54f50000 - 0x00007ffc54f5b000 	C:\WINDOWS\SYSTEM32\VERSION.dll
0x00007ffc5c6c0000 - 0x00007ffc5c6d4000 	C:\WINDOWS\SYSTEM32\UMPDC.dll
0x00007ffc5b600000 - 0x00007ffc5b61b000 	C:\WINDOWS\SYSTEM32\kernel.appcore.dll
0x00007ffc55430000 - 0x00007ffc5543a000 	C:\Users\82104\.jdks\corretto-17.0.12\bin\jimage.dll
0x00007ffc5a060000 - 0x00007ffc5a2a1000 	C:\WINDOWS\SYSTEM32\DBGHELP.DLL
0x00007ffc5ef50000 - 0x00007ffc5f2d6000 	C:\WINDOWS\System32\combase.dll
0x00007ffc5e520000 - 0x00007ffc5e600000 	C:\WINDOWS\System32\OLEAUT32.dll
0x00007ffc59330000 - 0x00007ffc59373000 	C:\WINDOWS\SYSTEM32\dbgcore.DLL
0x00007ffc5cfc0000 - 0x00007ffc5d059000 	C:\WINDOWS\System32\bcryptPrimitives.dll
0x00007ffc541e0000 - 0x00007ffc541ee000 	C:\Users\82104\.jdks\corretto-17.0.12\bin\instrument.dll
0x00007ffc49700000 - 0x00007ffc49725000 	C:\Users\82104\.jdks\corretto-17.0.12\bin\java.dll

dbghelp: loaded successfully - version: 4.0.5 - missing functions: none
symbol engine: initialized successfully - sym options: 0x614 - pdb path: .;C:\Users\82104\.jdks\corretto-17.0.12\bin;C:\WINDOWS\SYSTEM32;C:\Program Files\Avast Software\Avast;C:\WINDOWS\WinSxS\amd64_microsoft.windows.common-controls_6595b64144ccf1df_6.0.26100.4484_none_3e0e6d4ce32ef3b3;C:\Users\82104\.jdks\corretto-17.0.12\bin\server

VM Arguments:
jvm_args: -javaagent:C:\Program Files\JetBrains\IntelliJ IDEA Community Edition 2024.1\lib\idea_rt.jar=3497:C:\Program Files\JetBrains\IntelliJ IDEA Community Edition 2024.1\bin -Dfile.encoding=UTF-8 
java_command: me.dev.ShopApplication
java_class_path (initial): D:\DASEUL\owner_back\out\production\classes;D:\DASEUL\owner_back\out\production\resources;C:\Users\82104\.gradle\caches\modules-2\files-2.1\org.springframework.boot\spring-boot-starter-data-jpa\3.5.3\8494346cf0bdb148ef29d5f41647b0cd6908ad7d\spring-boot-starter-data-jpa-3.5.3.jar;C:\Users\82104\.gradle\caches\modules-2\files-2.1\jakarta.persistence\jakarta.persistence-api\3.1.0\66901fa1c373c6aff65c13791cc11da72060a8d6\jakarta.persistence-api-3.1.0.jar;C:\Users\82104\.gradle\caches\modules-2\files-2.1\org.springframework.boot\spring-boot-starter-web\3.5.3\4ba7817f958e9a0b0f642af98440affd0c7e2ee0\spring-boot-starter-web-3.5.3.jar;C:\Users\82104\.gradle\caches\modules-2\files-2.1\org.springframework.boot\spring-boot-starter-thymeleaf\3.5.3\17304681e405e320c7eb77b980589d857296c22c\spring-boot-starter-thymeleaf-3.5.3.jar;C:\Users\82104\.gradle\caches\modules-2\files-2.1\org.springframework.boot\spring-boot-starter-security\3.5.3\7267fd219fc2508fff6f9991a5fee1aa28a28e85\spring-boot-starter-security-3.5.3.jar;C:\Users\82104\.gradle\caches\modules-2\files-2.1\org.springframework.boot\spring-boot-starter-validation\3.5.3\aaa11ca06f6701717dd7f07666079285e1a566bb\spring-boot-starter-validation-3.5.3.jar;C:\Users\82104\.gradle\caches\modules-2\files-2.1\org.springframework.boot\spring-boot-starter-data-jdbc\3.5.3\899cf21e1bdbfa3e8f19c59174a98181140bca9c\spring-boot-starter-data-jdbc-3.5.3.jar;C:\Users\82104\.gradle\caches\modules-2\files-2.1\org.springframework.boot\spring-boot-starter\3.5.3\b978e45d89b92eedaa09d0993bed91bcf00153d4\spring-boot-starter-3.5.3.jar;C:\Users\82104\.gradle\caches\modules-2\files-2.1\jakarta.annotation\jakarta.annotation-api\2.1.1\48b9bda22b091b1f48b13af03fe36db3be6e1ae3\jakarta.annotation-api-2.1.1.jar;C:\Users\82104\.gradle\caches\modules-2\files-2.1\org.thymeleaf.extras\thymeleaf-extras-springsecurity6\3.1.3.RELEASE\f2a9e9505b145d22a52047460c74fb8200f2cb23\thymeleaf-extras-springsecurity6-3.1.3.RELEASE.jar;C:\Users\82104
Launcher Type: SUN_STANDARD

[Global flags]
     intx CICompilerCount                          = 4                                         {product} {ergonomic}
     uint ConcGCThreads                            = 2                                         {product} {ergonomic}
     uint G1ConcRefinementThreads                  = 8                                         {product} {ergonomic}
   size_t G1HeapRegionSize                         = 2097152                                   {product} {ergonomic}
    uintx GCDrainStackTargetSize                   = 64                                        {product} {ergonomic}
   size_t InitialHeapSize                          = 266338304                                 {product} {ergonomic}
   size_t MarkStackSize                            = 4194304                                   {product} {ergonomic}
   size_t MaxHeapSize                              = 4242538496                                {product} {ergonomic}
   size_t MinHeapDeltaBytes                        = 2097152                                   {product} {ergonomic}
   size_t MinHeapSize                              = 8388608                                   {product} {ergonomic}
    uintx NonNMethodCodeHeapSize                   = 5839372                                {pd product} {ergonomic}
    uintx NonProfiledCodeHeapSize                  = 122909434                              {pd product} {ergonomic}
    uintx ProfiledCodeHeapSize                     = 122909434                              {pd product} {ergonomic}
    uintx ReservedCodeCacheSize                    = 251658240                              {pd product} {ergonomic}
     bool SegmentedCodeCache                       = true                                      {product} {ergonomic}
   size_t SoftMaxHeapSize                          = 4242538496                             {manageable} {ergonomic}
     bool UseCompressedClassPointers               = true                           {product lp64_product} {ergonomic}
     bool UseCompressedOops                        = true                           {product lp64_product} {ergonomic}
     bool UseG1GC                                  = true                                      {product} {ergonomic}
     bool UseLargePagesIndividualAllocation        = false                                  {pd product} {ergonomic}

Logging:
Log output configuration:
 #0: stdout all=warning uptime,level,tags
 #1: stderr all=off uptime,level,tags

Environment Variables:
JAVA_HOME=C:\Program Files\Java\jdk-21
CLASSPATH=.;C:\Program Files\Java\jdk-21\lib;C:\Program Files (x86)\QuickTime\QTSystem\QTJava.zip
PATH=C:\Program Files\Java\jdk-21\bin;C:\Program Files (x86)\NVIDIA Corporation\PhysX\Common;C:\Program Files (x86)\Intel\Intel(R) Management Engine Components\iCLS\;C:\Program Files\Intel\Intel(R) Management Engine Components\iCLS\;C:\WINDOWS\system32;C:\WINDOWS;C:\WINDOWS\System32\Wbem;C:\WINDOWS\System32\WindowsPowerShell\v1.0\;C:\WINDOWS\System32\OpenSSH\;C:\Program Files (x86)\Intel\Intel(R) Management Engine Components\DAL;C:\Program Files\Intel\Intel(R) Management Engine Components\DAL;C:\Program Files\Microsoft SQL Server\130\Tools\Binn\;C:\Program Files\PuTTY\;C:\WINDOWS\system32;C:\WINDOWS;C:\WINDOWS\System32\Wbem;C:\WINDOWS\System32\WindowsPowerShell\v1.0\;C:\WINDOWS\System32\OpenSSH\;C:\mysql-8.4.1-winx64\mysql-8.4.1-winx64\bin;C:\Program Files\Common Files\Oracle\Java\javapath;C:\Program Files\MySQL\MySQL Workbench 8.0 CE;C:\Program Files\MySQL\MySQL Server 8.4\bin;C:\Program Files\MySQL\MySQL Server 8.0\bin;C:\Windows\System32;C:\Program Files\MariaDB 10.6\bin;D:\Program Files\gradle-8.0.2\bin;D:\Program Files\apache-maven-3.9.9\bin;C:\Program Files\Bandizip\;C:\Program Files\Git\cmd;C:\Users\82104\AppData\Local\Microsoft\WinGet\Packages;C:\Users\82104\AppData\Roaming\npm\bin;C:\Program Files\nodejs\;C:\Program Files (x86)\QuickTime\QTSystem\;C:\Users\82104\AppData\Local\Programs\Python\Python38-32\Scripts\;C:\Users\82104\AppData\Local\Programs\Python\Python38-32\;C:\apache-maven-3.9.9\bin;C:\Users\82104\AppData\Local\Programs\Python\Python310\Scripts\;C:\Users\82104\AppData\Local\Programs\Python\Python310\;C:\Users\82104\AppData\Local\Programs\Python\Python35\Scripts\;C:\Users\82104\AppData\Local\Programs\Python\Python35\;C:\Users\82104\AppData\Local\Microsoft\WindowsApps;C:\Program Files\JetBrains\IntelliJ IDEA Community Edition 2024.1\bin;;C:\Program Files\JetBrains\PyCharm Community Edition 2024.1\bin;;C:\Program Files\Java\jdk-21\bin;C:\Users\82104\AppData\Local\Programs\Microsoft VS Code\bin;C:\Users\82104\AppData\Roaming\npm;C:\Users\82104\AppData\
USERNAME=82104
OS=Windows_NT
PROCESSOR_IDENTIFIER=Intel64 Family 6 Model 142 Stepping 12, GenuineIntel
TMP=C:\Users\82104\AppData\Local\Temp
TEMP=C:\Users\82104\AppData\Local\Temp



Periodic native trim disabled


---------------  S Y S T E M  ---------------

OS:
 Windows 11 , 64 bit Build 26100 (10.0.26100.4484)
OS uptime: 3 days 4:00 hours
Hyper-V role detected

CPU: total 8 (initial active 8) (4 cores per cpu, 2 threads per core) family 6 model 142 stepping 12 microcode 0xde, cx8, cmov, fxsr, ht, mmx, 3dnowpref, sse, sse2, sse3, ssse3, sse4.1, sse4.2, popcnt, lzcnt, tsc, tscinvbit, avx, avx2, aes, erms, clmul, bmi1, bmi2, adx, fma, vzeroupper, clflush, clflushopt, hv
Processor Information for all 8 processors :
  Max Mhz: 1992, Current Mhz: 1792, Mhz Limit: 1792

Memory: 4k page, system-wide physical 16178M (1447M free)
TotalPageFile size 57495M (AvailPageFile size 108M)
current process WorkingSet (physical memory assigned to process): 13M, peak: 13M
current process commit charge ("private bytes"): 60M, peak: 314M

vm_info: OpenJDK 64-Bit Server VM (17.0.12+7-LTS) for windows-amd64 JRE (17.0.12+7-LTS), built on Jul 10 2024 20:46:33 by "Administrator" with MS VC++ 16.10 / 16.11 (VS2019)

END.
